F:\CEN133-SOFTWARE ENGINEER\PROJECTS\ARRAY SHOWS\ARRAY SHOW\DEBUG\ARR.OBJ
F:\CEN133-SOFTWARE ENGINEER\PROJECTS\ARRAY SHOWS\ARRAY SHOW\DEBUG\ARRAY SHOW.EXE.EMBED.MANIFEST
F:\CEN133-SOFTWARE ENGINEER\PROJECTS\ARRAY SHOWS\ARRAY SHOW\DEBUG\ARRAY SHOW.EXE.EMBED.MANIFEST.RES
F:\CEN133-SOFTWARE ENGINEER\PROJECTS\Array Shows\array show\Debug\array show.exe.embed.manifest
F:\CEN133-SOFTWARE ENGINEER\PROJECTS\Array Shows\array show\Debug\array show.exe.embed.manifest.res
F:\CEN133-SOFTWARE ENGINEER\PROJECTS\Array Shows\array show\Debug\array show.exe.intermediate.manifest
F:\CEN133-SOFTWARE ENGINEER\PROJECTS\Array Shows\array show\Debug\array show.write.1.tlog
F:\CEN133-SOFTWARE ENGINEER\PROJECTS\Array Shows\array show\Debug\array show_manifest.rc
F:\CEN133-SOFTWARE ENGINEER\PROJECTS\Array Shows\array show\Debug\cl.command.1.tlog
F:\CEN133-SOFTWARE ENGINEER\PROJECTS\Array Shows\array show\Debug\CL.read.1.tlog
F:\CEN133-SOFTWARE ENGINEER\PROJECTS\Array Shows\array show\Debug\CL.write.1.tlog
F:\CEN133-SOFTWARE ENGINEER\PROJECTS\Array Shows\array show\Debug\link.3460.read.1.tlog
F:\CEN133-SOFTWARE ENGINEER\PROJECTS\Array Shows\array show\Debug\link.3460.write.1.tlog
F:\CEN133-SOFTWARE ENGINEER\PROJECTS\Array Shows\array show\Debug\link.3460-cvtres.read.1.tlog
F:\CEN133-SOFTWARE ENGINEER\PROJECTS\Array Shows\array show\Debug\link.3460-cvtres.write.1.tlog
F:\CEN133-SOFTWARE ENGINEER\PROJECTS\Array Shows\array show\Debug\link.command.1.tlog
F:\CEN133-SOFTWARE ENGINEER\PROJECTS\Array Shows\array show\Debug\link.read.1.tlog
F:\CEN133-SOFTWARE ENGINEER\PROJECTS\Array Shows\array show\Debug\link.write.1.tlog
F:\CEN133-SOFTWARE ENGINEER\PROJECTS\Array Shows\array show\Debug\link-cvtres.read.1.tlog
F:\CEN133-SOFTWARE ENGINEER\PROJECTS\Array Shows\array show\Debug\link-cvtres.write.1.tlog
F:\CEN133-SOFTWARE ENGINEER\PROJECTS\Array Shows\array show\Debug\mt.command.1.tlog
F:\CEN133-SOFTWARE ENGINEER\PROJECTS\Array Shows\array show\Debug\mt.read.1.tlog
F:\CEN133-SOFTWARE ENGINEER\PROJECTS\Array Shows\array show\Debug\mt.write.1.tlog
F:\CEN133-SOFTWARE ENGINEER\PROJECTS\Array Shows\array show\Debug\rc.command.1.tlog
F:\CEN133-SOFTWARE ENGINEER\PROJECTS\Array Shows\array show\Debug\rc.read.1.tlog
F:\CEN133-SOFTWARE ENGINEER\PROJECTS\Array Shows\array show\Debug\rc.write.1.tlog
F:\CEN133-SOFTWARE ENGINEER\PROJECTS\Array Shows\array show\Debug\vc100.idb
F:\CEN133-SOFTWARE ENGINEER\PROJECTS\ARRAY SHOWS\ARRAY SHOW\DEBUG\VC100.PDB
F:\CEN133-SOFTWARE ENGINEER\PROJECTS\ARRAY SHOWS\DEBUG\ARRAY SHOW.EXE
F:\CEN133-SOFTWARE ENGINEER\PROJECTS\Array Shows\Debug\array show.ilk
F:\CEN133-SOFTWARE ENGINEER\PROJECTS\ARRAY SHOWS\DEBUG\ARRAY SHOW.PDB
